[2025-05-27T04:45:22.949Z] POST /api/v1/auth/signin 404 {"email":"admin@domain.com","password":"password"}
[2025-05-27T04:45:44.261Z] POST /api/auth/signin 401 {"email":"admin@domain.com","password":"password"}
[2025-05-27T04:46:57.175Z] POST /api/auth/signin 401 {"email":"admin@domain.com","password":"password"}
[2025-05-27T04:48:18.905Z] POST /api/auth/signin 401 {"email":"admin@domain.com","password":"password"}
[2025-05-27T04:48:43.384Z] POST /api/auth/signin 401 {"email":"admin@domain.com","password":"password"}
[2025-05-27T04:53:32.296Z] POST /api/auth/signin 401 {"email":"admin@domain.com","password":"password"}
[2025-05-27T04:53:35.715Z] POST /api/auth/signin 401 {"email":"admin@domain.com","password":"password"}
[2025-05-27T04:54:16.503Z] POST /api/auth/signin 401 {"email":"admin@domain.com","password":"password"}
[2025-06-19T04:30:45.505Z] GET /api-docs 301 {}
[2025-06-19T04:30:45.509Z] GET /api-docs/ 200 {}
[2025-06-19T04:30:45.538Z] GET /api-docs/swagger-ui-init.js 200 {}
[2025-06-19T04:30:45.541Z] GET /api-docs/swagger-ui.css 200 {}
[2025-06-19T04:30:45.545Z] GET /api-docs/swagger-ui-standalone-preset.js 200 {}
[2025-06-19T04:30:45.550Z] GET /api-docs/swagger-ui-bundle.js 200 {}
[2025-06-19T04:30:45.686Z] GET /api-docs/favicon-32x32.png 200 {}
[2025-06-19T04:31:34.553Z] GET /api-docs/ 200 {}
[2025-06-19T04:31:34.571Z] GET /api-docs/swagger-ui.css 304 {}
[2025-06-19T04:31:34.572Z] GET /api-docs/swagger-ui-bundle.js 304 {}
[2025-06-19T04:31:34.575Z] GET /api-docs/swagger-ui-init.js 304 {}
[2025-06-19T04:31:34.575Z] GET /api-docs/swagger-ui-standalone-preset.js 304 {}
[2025-06-19T04:31:34.638Z] GET /api-docs/favicon-32x32.png 304 {}
[2025-06-19T04:31:40.803Z] GET /api-docs/ 304 {}
[2025-06-19T04:31:40.819Z] GET /api-docs/swagger-ui.css 304 {}
[2025-06-19T04:31:40.819Z] GET /api-docs/swagger-ui-bundle.js 304 {}
[2025-06-19T04:31:40.822Z] GET /api-docs/swagger-ui-standalone-preset.js 304 {}
[2025-06-19T04:31:40.828Z] GET /api-docs/swagger-ui-init.js 304 {}
[2025-06-19T04:31:40.922Z] GET /api-docs/favicon-32x32.png 304 {}
[2025-06-19T04:32:01.466Z] GET /api-docs/ 304 {}
[2025-06-19T04:32:01.486Z] GET /api-docs/swagger-ui.css 304 {}
[2025-06-19T04:32:01.488Z] GET /api-docs/swagger-ui-bundle.js 304 {}
[2025-06-19T04:32:01.492Z] GET /api-docs/swagger-ui-standalone-preset.js 304 {}
[2025-06-19T04:32:01.496Z] GET /api-docs/swagger-ui-init.js 200 {}
[2025-06-19T04:32:01.567Z] GET /api-docs/favicon-32x32.png 304 {}
[2025-06-19T04:32:01.608Z] GET /api-docs/ 304 {}
[2025-06-19T04:32:01.616Z] GET /api-docs/swagger-ui-init.js 304 {}
[2025-06-19T04:32:01.619Z] GET /api-docs/swagger-ui.css 304 {}
[2025-06-19T04:32:01.620Z] GET /api-docs/swagger-ui-bundle.js 304 {}
[2025-06-19T04:32:01.621Z] GET /api-docs/swagger-ui-standalone-preset.js 304 {}
[2025-06-19T04:32:01.652Z] GET /api-docs/favicon-32x32.png 304 {}
[2025-06-19T04:32:01.753Z] GET /api-docs/ 304 {}
[2025-06-19T04:32:01.763Z] GET /api-docs/swagger-ui-init.js 304 {}
[2025-06-19T04:32:01.764Z] GET /api-docs/swagger-ui.css 304 {}
[2025-06-19T04:32:01.764Z] GET /api-docs/swagger-ui-bundle.js 304 {}
[2025-06-19T04:32:01.765Z] GET /api-docs/swagger-ui-standalone-preset.js 304 {}
[2025-06-19T04:32:01.800Z] GET /api-docs/favicon-32x32.png 304 {}
[2025-06-19T04:35:40.475Z] GET /api-docs/ 304 {}
[2025-06-19T04:35:40.491Z] GET /api-docs/swagger-ui.css 304 {}
[2025-06-19T04:35:40.491Z] GET /api-docs/swagger-ui-bundle.js 304 {}
[2025-06-19T04:35:40.493Z] GET /api-docs/swagger-ui-standalone-preset.js 304 {}
[2025-06-19T04:35:40.497Z] GET /api-docs/swagger-ui-init.js 200 {}
[2025-06-19T04:35:40.625Z] GET /api-docs/favicon-32x32.png 304 {}
[2025-06-19T04:35:42.723Z] GET /api/user-roles?page=1&limit=10 200 {}
[2025-06-19T04:35:44.179Z] GET /api/user-roles?page=1&limit=10 304 {}
[2025-06-19T04:35:44.707Z] GET /api/user-roles?page=1&limit=10 304 {}
[2025-06-19T04:35:45.111Z] GET /api/user-roles?page=1&limit=10 304 {}
[2025-06-19T04:35:56.720Z] POST /api/user-roles 201 {"name":"administrator","isEnabled":true}
[2025-06-19T04:36:03.428Z] POST /api/user-roles 201 {"name":"instructor","isEnabled":true}
[2025-06-19T04:36:07.023Z] POST /api/user-roles 201 {"name":"student","isEnabled":true}
[2025-06-19T04:36:10.560Z] GET /api/user-roles?page=1&limit=10 200 {}
